#
# There is insufficient memory for the Java Runtime Environment to continue.
# Native memory allocation (malloc) failed to allocate 501776 bytes for Chunk::new
# Possible reasons:
#   The system is out of physical RAM or swap space
#   The process is running with CompressedOops enabled, and the Java Heap may be blocking the growth of the native heap
# Possible solutions:
#   Reduce memory load on the system
#   Increase physical memory or swap space
#   Check if swap backing store is full
#   Decrease Java heap size (-Xmx/-Xms)
#   Decrease number of Java threads
#   Decrease Java thread stack sizes (-Xss)
#   Set larger code cache with -XX:ReservedCodeCacheSize=
#   JVM is running with Zero Based Compressed Oops mode in which the Java heap is
#     placed in the first 32GB address space. The Java Heap base address is the
#     maximum limit for the native heap growth. Please use -XX:HeapBaseMinAddress
#     to set the Java Heap base and to place the Java Heap above 32GB virtual address.
# This output file may be truncated or incomplete.
#
#  Out of Memory Error (./src/hotspot/share/memory/arena.cpp:197), pid=18056, tid=17844
#
# JRE version: OpenJDK Runtime Environment Corretto-11.0.17.8.1 (11.0.17+8) (build 11.0.17+8-LTS)
# Java VM: OpenJDK 64-Bit Server VM Corretto-11.0.17.8.1 (11.0.17+8-LTS, mixed mode, tiered, compressed oops, g1 gc, windows-amd64)
# No core dump will be written. Minidumps are not enabled by default on client versions of Windows
#

---------------  S U M M A R Y ------------

Command Line: -Dfile.encoding=UTF-8 --module-path=C:\Users\matheus.cspinto2\Documents\Projeto-de-PI-main (1)\Projeto-de-PI-main\ProjetoPI\build\classes View.FormMenu

Host: Intel(R) Core(TM) i7-4770 CPU @ 3.40GHz, 8 cores, 15G,  Windows 10 , 64 bit Build 19041 (10.0.19041.1202)
Time: Wed Oct 25 20:31:58 2023 Hora oficial do Brasil elapsed time: 2.954829 seconds (0d 0h 0m 2s)

---------------  T H R E A D  ---------------

Current thread (0x0000021f24868000):  JavaThread "C2 CompilerThread0" daemon [_thread_in_native, id=17844, stack(0x000000c986500000,0x000000c986600000)]


Current CompileTask:
C2:   2955 1525       4       java.lang.invoke.InvokerBytecodeGenerator::emitImplicitConversion (159 bytes)

Stack: [0x000000c986500000,0x000000c986600000]
Native frames: (J=compiled Java code, j=interpreted, Vv=VM code, C=native code)
V  [jvm.dll+0x61f66a]
V  [jvm.dll+0x7ac889]
V  [jvm.dll+0x7adf78]
V  [jvm.dll+0x7ae653]
V  [jvm.dll+0x24fbe8]
V  [jvm.dll+0xc262c]
V  [jvm.dll+0xc2bec]
V  [jvm.dll+0x35a037]
V  [jvm.dll+0x325fc3]
V  [jvm.dll+0x3252fa]
V  [jvm.dll+0x209083]
V  [jvm.dll+0x20818d]
V  [jvm.dll+0x18a3c1]
V  [jvm.dll+0x217894]
V  [jvm.dll+0x215adb]
V  [jvm.dll+0x76f380]
V  [jvm.dll+0x7682b4]
V  [jvm.dll+0x61e4d5]
C  [ucrtbase.dll+0x21bb2]
C  [KERNEL32.DLL+0x17034]
C  [ntdll.dll+0x52651]


---------------  P R O C E S S  ---------------

Threads class SMR info:
_java_thread_list=0x0000021f26c15530, length=16, elements={
0x0000021f24805000, 0x0000021f24810000, 0x0000021f24801000, 0x0000021f24853800,
0x0000021f24855800, 0x0000021f24868000, 0x0000021f2486a800, 0x0000021f24874000,
0x0000021f249da000, 0x0000021f24ec5800, 0x0000021f24edd800, 0x0000021f2507c000,
0x0000021f26217800, 0x0000021f7a454000, 0x0000021f26ac2800, 0x0000021f26c55000
}

Java Threads: ( => current thread )
  0x0000021f24805000 JavaThread "Reference Handler" daemon [_thread_blocked, id=16280, stack(0x000000c986000000,0x000000c986100000)]
  0x0000021f24810000 JavaThread "Finalizer" daemon [_thread_blocked, id=11968, stack(0x000000c986100000,0x000000c986200000)]
  0x0000021f24801000 JavaThread "Signal Dispatcher" daemon [_thread_blocked, id=1260, stack(0x000000c986200000,0x000000c986300000)]
  0x0000021f24853800 JavaThread "Attach Listener" daemon [_thread_blocked, id=17604, stack(0x000000c986300000,0x000000c986400000)]
  0x0000021f24855800 JavaThread "Service Thread" daemon [_thread_blocked, id=12884, stack(0x000000c986400000,0x000000c986500000)]
=>0x0000021f24868000 JavaThread "C2 CompilerThread0" daemon [_thread_in_native, id=17844, stack(0x000000c986500000,0x000000c986600000)]
  0x0000021f2486a800 JavaThread "C1 CompilerThread0" daemon [_thread_blocked, id=7368, stack(0x000000c986600000,0x000000c986700000)]
  0x0000021f24874000 JavaThread "Sweeper thread" daemon [_thread_blocked, id=19620, stack(0x000000c986700000,0x000000c986800000)]
  0x0000021f249da000 JavaThread "Common-Cleaner" daemon [_thread_blocked, id=15088, stack(0x000000c986800000,0x000000c986900000)]
  0x0000021f24ec5800 JavaThread "Java2D Disposer" daemon [_thread_blocked, id=11176, stack(0x000000c986b00000,0x000000c986c00000)]
  0x0000021f24edd800 JavaThread "AWT-Shutdown" [_thread_blocked, id=10860, stack(0x000000c986c00000,0x000000c986d00000)]
  0x0000021f2507c000 JavaThread "AWT-Windows" daemon [_thread_in_native, id=8280, stack(0x000000c986d00000,0x000000c986e00000)]
  0x0000021f26217800 JavaThread "AWT-EventQueue-0" [_thread_in_native, id=2116, stack(0x000000c986e00000,0x000000c986f00000)]
  0x0000021f7a454000 JavaThread "DestroyJavaVM" [_thread_blocked, id=1100, stack(0x000000c985900000,0x000000c985a00000)]
  0x0000021f26ac2800 JavaThread "D3D Screen Updater" daemon [_thread_blocked, id=10164, stack(0x000000c987000000,0x000000c987100000)]
  0x0000021f26c55000 JavaThread "C2 CompilerThread1" daemon [_thread_blocked, id=15336, stack(0x000000c987300000,0x000000c987400000)]

Other Threads:
  0x0000021f23f44000 VMThread "VM Thread" [stack: 0x000000c985f00000,0x000000c986000000] [id=20212]
  0x0000021f24c98800 WatcherThread [stack: 0x000000c986a00000,0x000000c986b00000] [id=19356]
  0x0000021f7a46e800 GCTaskThread "GC Thread#0" [stack: 0x000000c985a00000,0x000000c985b00000] [id=13844]
  0x0000021f7a4c9800 ConcurrentGCThread "G1 Main Marker" [stack: 0x000000c985b00000,0x000000c985c00000] [id=13420]
  0x0000021f7a4cc000 ConcurrentGCThread "G1 Conc#0" [stack: 0x000000c985c00000,0x000000c985d00000] [id=12964]
  0x0000021f23e1d800 ConcurrentGCThread "G1 Refine#0" [stack: 0x000000c985d00000,0x000000c985e00000] [id=1488]
  0x0000021f23e1e800 ConcurrentGCThread "G1 Young RemSet Sampling" [stack: 0x000000c985e00000,0x000000c985f00000] [id=12940]

Threads with active compile tasks:
C2 CompilerThread0     2997 1525       4       java.lang.invoke.InvokerBytecodeGenerator::emitImplicitConversion (159 bytes)

VM state:not at safepoint (normal execution)

VM Mutex/Monitor currently owned by a thread: None

Heap address: 0x0000000709200000, size: 3950 MB, Compressed Oops mode: Zero based, Oop shift amount: 3
Narrow klass base: 0x0000000800000000, Narrow klass shift: 0
Compressed class space size: 1073741824 Address: 0x0000000800000000

Heap:
 garbage-first heap   total 253952K, used 15360K [0x0000000709200000, 0x0000000800000000)
  region size 1024K, 16 young (16384K), 0 survivors (0K)
 Metaspace       used 19355K, capacity 19823K, committed 20096K, reserved 1067008K
  class space    used 2195K, capacity 2402K, committed 2432K, reserved 1048576K
Heap Regions: E=young(eden), S=young(survivor), O=old, HS=humongous(starts), HC=humongous(continues), CS=collection set, F=free, A=archive, TAMS=top-at-mark-start (previous, next)
|   0|0x0000000709200000, 0x0000000709200000, 0x0000000709300000|  0%| F|  |TAMS 0x0000000709200000, 0x0000000709200000| Untracked 
|   1|0x0000000709300000, 0x0000000709300000, 0x0000000709400000|  0%| F|  |TAMS 0x0000000709300000, 0x0000000709300000| Untracked 
|   2|0x0000000709400000, 0x0000000709400000, 0x0000000709500000|  0%| F|  |TAMS 0x0000000709400000, 0x0000000709400000| Untracked 
|   3|0x0000000709500000, 0x0000000709500000, 0x0000000709600000|  0%| F|  |TAMS 0x0000000709500000, 0x0000000709500000| Untracked 
|   4|0x0000000709600000, 0x0000000709600000, 0x0000000709700000|  0%| F|  |TAMS 0x0000000709600000, 0x0000000709600000| Untracked 
|   5|0x0000000709700000, 0x0000000709700000, 0x0000000709800000|  0%| F|  |TAMS 0x0000000709700000, 0x0000000709700000| Untracked 
|   6|0x0000000709800000, 0x0000000709800000, 0x0000000709900000|  0%| F|  |TAMS 0x0000000709800000, 0x0000000709800000| Untracked 
|   7|0x0000000709900000, 0x0000000709900000, 0x0000000709a00000|  0%| F|  |TAMS 0x0000000709900000, 0x0000000709900000| Untracked 
|   8|0x0000000709a00000, 0x0000000709a00000, 0x0000000709b00000|  0%| F|  |TAMS 0x0000000709a00000, 0x0000000709a00000| Untracked 
|   9|0x0000000709b00000, 0x0000000709b00000, 0x0000000709c00000|  0%| F|  |TAMS 0x0000000709b00000, 0x0000000709b00000| Untracked 
|  10|0x0000000709c00000, 0x0000000709c00000, 0x0000000709d00000|  0%| F|  |TAMS 0x0000000709c00000, 0x0000000709c00000| Untracked 
|  11|0x0000000709d00000, 0x0000000709d00000, 0x0000000709e00000|  0%| F|  |TAMS 0x0000000709d00000, 0x0000000709d00000| Untracked 
|  12|0x0000000709e00000, 0x0000000709e00000, 0x0000000709f00000|  0%| F|  |TAMS 0x0000000709e00000, 0x0000000709e00000| Untracked 
|  13|0x0000000709f00000, 0x0000000709f00000, 0x000000070a000000|  0%| F|  |TAMS 0x0000000709f00000, 0x0000000709f00000| Untracked 
|  14|0x000000070a000000, 0x000000070a000000, 0x000000070a100000|  0%| F|  |TAMS 0x000000070a000000, 0x000000070a000000| Untracked 
|  15|0x000000070a100000, 0x000000070a100000, 0x000000070a200000|  0%| F|  |TAMS 0x000000070a100000, 0x000000070a100000| Untracked 
|  16|0x000000070a200000, 0x000000070a200000, 0x000000070a300000|  0%| F|  |TAMS 0x000000070a200000, 0x000000070a200000| Untracked 
|  17|0x000000070a300000, 0x000000070a300000, 0x000000070a400000|  0%| F|  |TAMS 0x000000070a300000, 0x000000070a300000| Untracked 
|  18|0x000000070a400000, 0x000000070a400000, 0x000000070a500000|  0%| F|  |TAMS 0x000000070a400000, 0x000000070a400000| Untracked 
|  19|0x000000070a500000, 0x000000070a500000, 0x000000070a600000|  0%| F|  |TAMS 0x000000070a500000, 0x000000070a500000| Untracked 
|  20|0x000000070a600000, 0x000000070a600000, 0x000000070a700000|  0%| F|  |TAMS 0x000000070a600000, 0x000000070a600000| Untracked 
|  21|0x000000070a700000, 0x000000070a700000, 0x000000070a800000|  0%| F|  |TAMS 0x000000070a700000, 0x000000070a700000| Untracked 
|  22|0x000000070a800000, 0x000000070a800000, 0x000000070a900000|  0%| F|  |TAMS 0x000000070a800000, 0x000000070a800000| Untracked 
|  23|0x000000070a900000, 0x000000070a900000, 0x000000070aa00000|  0%| F|  |TAMS 0x000000070a900000, 0x000000070a900000| Untracked 
|  24|0x000000070aa00000, 0x000000070aa00000, 0x000000070ab00000|  0%| F|  |TAMS 0x000000070aa00000, 0x000000070aa00000| Untracked 
|  25|0x000000070ab00000, 0x000000070ab00000, 0x000000070ac00000|  0%| F|  |TAMS 0x000000070ab00000, 0x000000070ab00000| Untracked 
|  26|0x000000070ac00000, 0x000000070ac00000, 0x000000070ad00000|  0%| F|  |TAMS 0x000000070ac00000, 0x000000070ac00000| Untracked 
|  27|0x000000070ad00000, 0x000000070ad00000, 0x000000070ae00000|  0%| F|  |TAMS 0x000000070ad00000, 0x000000070ad00000| Untracked 
|  28|0x000000070ae00000, 0x000000070ae00000, 0x000000070af00000|  0%| F|  |TAMS 0x000000070ae00000, 0x000000070ae00000| Untracked 
|  29|0x000000070af00000, 0x000000070af00000, 0x000000070b000000|  0%| F|  |TAMS 0x000000070af00000, 0x000000070af00000| Untracked 
|  30|0x000000070b000000, 0x000000070b000000, 0x000000070b100000|  0%| F|  |TAMS 0x000000070b000000, 0x000000070b000000| Untracked 
|  31|0x000000070b100000, 0x000000070b100000, 0x000000070b200000|  0%| F|  |TAMS 0x000000070b100000, 0x000000070b100000| Untracked 
|  32|0x000000070b200000, 0x000000070b200000, 0x000000070b300000|  0%| F|  |TAMS 0x000000070b200000, 0x000000070b200000| Untracked 
|  33|0x000000070b300000, 0x000000070b300000, 0x000000070b400000|  0%| F|  |TAMS 0x000000070b300000, 0x000000070b300000| Untracked 
|  34|0x000000070b400000, 0x000000070b400000, 0x000000070b500000|  0%| F|  |TAMS 0x000000070b400000, 0x000000070b400000| Untracked 
|  35|0x000000070b500000, 0x000000070b500000, 0x000000070b600000|  0%| F|  |TAMS 0x000000070b500000, 0x000000070b500000| Untracked 
|  36|0x000000070b600000, 0x000000070b600000, 0x000000070b700000|  0%| F|  |TAMS 0x000000070b600000, 0x000000070b600000| Untracked 
|  37|0x000000070b700000, 0x000000070b700000, 0x000000070b800000|  0%| F|  |TAMS 0x000000070b700000, 0x000000070b700000| Untracked 
|  38|0x000000070b800000, 0x000000070b800000, 0x000000070b900000|  0%| F|  |TAMS 0x000000070b800000, 0x000000070b800000| Untracked 
|  39|0x000000070b900000, 0x000000070b900000, 0x000000070ba00000|  0%| F|  |TAMS 0x000000070b900000, 0x000000070b900000| Untracked 
|  40|0x000000070ba00000, 0x000000070ba00000, 0x000000070bb00000|  0%| F|  |TAMS 0x000000070ba00000, 0x000000070ba00000| Untracked 
|  41|0x000000070bb00000, 0x000000070bb00000, 0x000000070bc00000|  0%| F|  |TAMS 0x000000070bb00000, 0x000000070bb00000| Untracked 
|  42|0x000000070bc00000, 0x000000070bc00000, 0x000000070bd00000|  0%| F|  |TAMS 0x000000070bc00000, 0x000000070bc00000| Untracked 
|  43|0x000000070bd00000, 0x000000070bd00000, 0x000000070be00000|  0%| F|  |TAMS 0x000000070bd00000, 0x000000070bd00000| Untracked 
|  44|0x000000070be00000, 0x000000070be00000, 0x000000070bf00000|  0%| F|  |TAMS 0x000000070be00000, 0x000000070be00000| Untracked 
|  45|0x000000070bf00000, 0x000000070bf00000, 0x000000070c000000|  0%| F|  |TAMS 0x000000070bf00000, 0x000000070bf00000| Untracked 
|  46|0x000000070c000000, 0x000000070c000000, 0x000000070c100000|  0%| F|  |TAMS 0x000000070c000000, 0x000000070c000000| Untracked 
|  47|0x000000070c100000, 0x000000070c100000, 0x000000070c200000|  0%| F|  |TAMS 0x000000070c100000, 0x000000070c100000| Untracked 
|  48|0x000000070c200000, 0x000000070c200000, 0x000000070c300000|  0%| F|  |TAMS 0x000000070c200000, 0x000000070c200000| Untracked 
|  49|0x000000070c300000, 0x000000070c300000, 0x000000070c400000|  0%| F|  |TAMS 0x000000070c300000, 0x000000070c300000| Untracked 
|  50|0x000000070c400000, 0x000000070c400000, 0x000000070c500000|  0%| F|  |TAMS 0x000000070c400000, 0x000000070c400000| Untracked 
|  51|0x000000070c500000, 0x000000070c500000, 0x000000070c600000|  0%| F|  |TAMS 0x000000070c500000, 0x000000070c500000| Untracked 
|  52|0x000000070c600000, 0x000000070c600000, 0x000000070c700000|  0%| F|  |TAMS 0x000000070c600000, 0x000000070c600000| Untracked 
|  53|0x000000070c700000, 0x000000070c700000, 0x000000070c800000|  0%| F|  |TAMS 0x000000070c700000, 0x000000070c700000| Untracked 
|  54|0x000000070c800000, 0x000000070c800000, 0x000000070c900000|  0%| F|  |TAMS 0x000000070c800000, 0x000000070c800000| Untracked 
|  55|0x000000070c900000, 0x000000070c900000, 0x000000070ca00000|  0%| F|  |TAMS 0x000000070c900000, 0x000000070c900000| Untracked 
|  56|0x000000070ca00000, 0x000000070ca00000, 0x000000070cb00000|  0%| F|  |TAMS 0x000000070ca00000, 0x000000070ca00000| Untracked 
|  57|0x000000070cb00000, 0x000000070cb00000, 0x000000070cc00000|  0%| F|  |TAMS 0x000000070cb00000, 0x000000070cb00000| Untracked 
|  58|0x000000070cc00000, 0x000000070cc00000, 0x000000070cd00000|  0%| F|  |TAMS 0x000000070cc00000, 0x000000070cc00000| Untracked 
|  59|0x000000070cd00000, 0x000000070cd00000, 0x000000070ce00000|  0%| F|  |TAMS 0x000000070cd00000, 0x000000070cd00000| Untracked 
|  60|0x000000070ce00000, 0x000000070ce00000, 0x000000070cf00000|  0%| F|  |TAMS 0x000000070ce00000, 0x000000070ce00000| Untracked 
|  61|0x000000070cf00000, 0x000000070cf00000, 0x000000070d000000|  0%| F|  |TAMS 0x000000070cf00000, 0x000000070cf00000| Untracked 
|  62|0x000000070d000000, 0x000000070d000000, 0x000000070d100000|  0%| F|  |TAMS 0x000000070d000000, 0x000000070d000000| Untracked 
|  63|0x000000070d100000, 0x000000070d100000, 0x000000070d200000|  0%| F|  |TAMS 0x000000070d100000, 0x000000070d100000| Untracked 
|  64|0x000000070d200000, 0x000000070d200000, 0x000000070d300000|  0%| F|  |TAMS 0x000000070d200000, 0x000000070d200000| Untracked 
|  65|0x000000070d300000, 0x000000070d300000, 0x000000070d400000|  0%| F|  |TAMS 0x000000070d300000, 0x000000070d300000| Untracked 
|  66|0x000000070d400000, 0x000000070d400000, 0x000000070d500000|  0%| F|  |TAMS 0x000000070d400000, 0x000000070d400000| Untracked 
|  67|0x000000070d500000, 0x000000070d500000, 0x000000070d600000|  0%| F|  |TAMS 0x000000070d500000, 0x000000070d500000| Untracked 
|  68|0x000000070d600000, 0x000000070d600000, 0x000000070d700000|  0%| F|  |TAMS 0x000000070d600000, 0x000000070d600000| Untracked 
|  69|0x000000070d700000, 0x000000070d700000, 0x000000070d800000|  0%| F|  |TAMS 0x000000070d700000, 0x000000070d700000| Untracked 
|  70|0x000000070d800000, 0x000000070d800000, 0x000000070d900000|  0%| F|  |TAMS 0x000000070d800000, 0x000000070d800000| Untracked 
|  71|0x000000070d900000, 0x000000070d900000, 0x000000070da00000|  0%| F|  |TAMS 0x000000070d900000, 0x000000070d900000| Untracked 
|  72|0x000000070da00000, 0x000000070da00000, 0x000000070db00000|  0%| F|  |TAMS 0x000000070da00000, 0x000000070da00000| Untracked 
|  73|0x000000070db00000, 0x000000070db00000, 0x000000070dc00000|  0%| F|  |TAMS 0x000000070db00000, 0x000000070db00000| Untracked 
|  74|0x000000070dc00000, 0x000000070dc00000, 0x000000070dd00000|  0%| F|  |TAMS 0x000000070dc00000, 0x000000070dc00000| Untracked 
|  75|0x000000070dd00000, 0x000000070dd00000, 0x000000070de00000|  0%| F|  |TAMS 0x000000070dd00000, 0x000000070dd00000| Untracked 
|  76|0x000000070de00000, 0x000000070de00000, 0x000000070df00000|  0%| F|  |TAMS 0x000000070de00000, 0x000000070de00000| Untracked 
|  77|0x000000070df00000, 0x000000070df00000, 0x000000070e000000|  0%| F|  |TAMS 0x000000070df00000, 0x000000070df00000| Untracked 
|  78|0x000000070e000000, 0x000000070e000000, 0x000000070e100000|  0%| F|  |TAMS 0x000000070e000000, 0x000000070e000000| Untracked 
|  79|0x000000070e100000, 0x000000070e100000, 0x000000070e200000|  0%| F|  |TAMS 0x000000070e100000, 0x000000070e100000| Untracked 
|  80|0x000000070e200000, 0x000000070e200000, 0x000000070e300000|  0%| F|  |TAMS 0x000000070e200000, 0x000000070e200000| Untracked 
|  81|0x000000070e300000, 0x000000070e300000, 0x000000070e400000|  0%| F|  |TAMS 0x000000070e300000, 0x000000070e300000| Untracked 
|  82|0x000000070e400000, 0x000000070e400000, 0x000000070e500000|  0%| F|  |TAMS 0x000000070e400000, 0x000000070e400000| Untracked 
|  83|0x000000070e500000, 0x000000070e500000, 0x000000070e600000|  0%| F|  |TAMS 0x000000070e500000, 0x000000070e500000| Untracked 
|  84|0x000000070e600000, 0x000000070e600000, 0x000000070e700000|  0%| F|  |TAMS 0x000000070e600000, 0x000000070e600000| Untracked 
|  85|0x000000070e700000, 0x000000070e700000, 0x000000070e800000|  0%| F|  |TAMS 0x000000070e700000, 0x000000070e700000| Untracked 
|  86|0x000000070e800000, 0x000000070e800000, 0x000000070e900000|  0%| F|  |TAMS 0x000000070e800000, 0x000000070e800000| Untracked 
|  87|0x000000070e900000, 0x000000070e900000, 0x000000070ea00000|  0%| F|  |TAMS 0x000000070e900000, 0x000000070e900000| Untracked 
|  88|0x000000070ea00000, 0x000000070ea00000, 0x000000070eb00000|  0%| F|  |TAMS 0x000000070ea00000, 0x000000070ea00000| Untracked 
|  89|0x000000070eb00000, 0x000000070eb00000, 0x000000070ec00000|  0%| F|  |TAMS 0x000000070eb00000, 0x000000070eb00000| Untracked 
|  90|0x000000070ec00000, 0x000000070ec00000, 0x000000070ed00000|  0%| F|  |TAMS 0x000000070ec00000, 0x000000070ec00000| Untracked 
|  91|0x000000070ed00000, 0x000000070ed00000, 0x000000070ee00000|  0%| F|  |TAMS 0x000000070ed00000, 0x000000070ed00000| Untracked 
|  92|0x000000070ee00000, 0x000000070ee00000, 0x000000070ef00000|  0%| F|  |TAMS 0x000000070ee00000, 0x000000070ee00000| Untracked 
|  93|0x000000070ef00000, 0x000000070ef00000, 0x000000070f000000|  0%| F|  |TAMS 0x000000070ef00000, 0x000000070ef00000| Untracked 
|  94|0x000000070f000000, 0x000000070f000000, 0x000000070f100000|  0%| F|  |TAMS 0x000000070f000000, 0x000000070f000000| Untracked 
|  95|0x000000070f100000, 0x000000070f100000, 0x000000070f200000|  0%| F|  |TAMS 0x000000070f100000, 0x000000070f100000| Untracked 
|  96|0x000000070f200000, 0x000000070f200000, 0x000000070f300000|  0%| F|  |TAMS 0x000000070f200000, 0x000000070f200000| Untracked 
|  97|0x000000070f300000, 0x000000070f300000, 0x000000070f400000|  0%| F|  |TAMS 0x000000070f300000, 0x000000070f300000| Untracked 
|  98|0x000000070f400000, 0x000000070f400000, 0x000000070f500000|  0%| F|  |TAMS 0x000000070f400000, 0x000000070f400000| Untracked 
|  99|0x000000070f500000, 0x000000070f500000, 0x000000070f600000|  0%| F|  |TAMS 0x000000070f500000, 0x000000070f500000| Untracked 
| 100|0x000000070f600000, 0x000000070f600000, 0x000000070f700000|  0%| F|  |TAMS 0x000000070f600000, 0x000000070f600000| Untracked 
| 101|0x000000070f700000, 0x000000070f700000, 0x000000070f800000|  0%| F|  |TAMS 0x000000070f700000, 0x000000070f700000| Untracked 
| 102|0x000000070f800000, 0x000000070f800000, 0x000000070f900000|  0%| F|  |TAMS 0x000000070f800000, 0x000000070f800000| Untracked 
| 103|0x000000070f900000, 0x000000070f900000, 0x000000070fa00000|  0%| F|  |TAMS 0x000000070f900000, 0x000000070f900000| Untracked 
| 104|0x000000070fa00000, 0x000000070fa00000, 0x000000070fb00000|  0%| F|  |TAMS 0x000000070fa00000, 0x000000070fa00000| Untracked 
| 105|0x000000070fb00000, 0x000000070fb00000, 0x000000070fc00000|  0%| F|  |TAMS 0x000000070fb00000, 0x000000070fb00000| Untracked 
| 106|0x000000070fc00000, 0x000000070fc00000, 0x000000070fd00000|  0%| F|  |TAMS 0x000000070fc00000, 0x000000070fc00000| Untracked 
| 107|0x000000070fd00000, 0x000000070fd00000, 0x000000070fe00000|  0%| F|  |TAMS 0x000000070fd00000, 0x000000070fd00000| Untracked 
| 108|0x000000070fe00000, 0x000000070fe00000, 0x000000070ff00000|  0%| F|  |TAMS 0x000000070fe00000, 0x000000070fe00000| Untracked 
| 109|0x000000070ff00000, 0x000000070ff00000, 0x0000000710000000|  0%| F|  |TAMS 0x000000070ff00000, 0x000000070ff00000| Untracked 
| 110|0x0000000710000000, 0x0000000710000000, 0x0000000710100000|  0%| F|  |TAMS 0x0000000710000000, 0x0000000710000000| Untracked 
| 111|0x0000000710100000, 0x0000000710100000, 0x0000000710200000|  0%| F|  |TAMS 0x0000000710100000, 0x0000000710100000| Untracked 
| 112|0x0000000710200000, 0x0000000710200000, 0x0000000710300000|  0%| F|  |TAMS 0x0000000710200000, 0x0000000710200000| Untracked 
| 113|0x0000000710300000, 0x0000000710300000, 0x0000000710400000|  0%| F|  |TAMS 0x0000000710300000, 0x0000000710300000| Untracked 
| 114|0x0000000710400000, 0x0000000710400000, 0x0000000710500000|  0%| F|  |TAMS 0x0000000710400000, 0x0000000710400000| Untracked 
| 115|0x0000000710500000, 0x0000000710500000, 0x0000000710600000|  0%| F|  |TAMS 0x0000000710500000, 0x0000000710500000| Untracked 
| 116|0x0000000710600000, 0x0000000710600000, 0x0000000710700000|  0%| F|  |TAMS 0x0000000710600000, 0x0000000710600000| Untracked 
| 117|0x0000000710700000, 0x0000000710700000, 0x0000000710800000|  0%| F|  |TAMS 0x0000000710700000, 0x0000000710700000| Untracked 
| 118|0x0000000710800000, 0x0000000710800000, 0x0000000710900000|  0%| F|  |TAMS 0x0000000710800000, 0x0000000710800000| Untracked 
| 119|0x0000000710900000, 0x0000000710900000, 0x0000000710a00000|  0%| F|  |TAMS 0x0000000710900000, 0x0000000710900000| Untracked 
| 120|0x0000000710a00000, 0x0000000710a00000, 0x0000000710b00000|  0%| F|  |TAMS 0x0000000710a00000, 0x0000000710a00000| Untracked 
| 121|0x0000000710b00000, 0x0000000710b00000, 0x0000000710c00000|  0%| F|  |TAMS 0x0000000710b00000, 0x0000000710b00000| Untracked 
| 122|0x0000000710c00000, 0x0000000710c00000, 0x0000000710d00000|  0%| F|  |TAMS 0x0000000710c00000, 0x0000000710c00000| Untracked 
| 123|0x0000000710d00000, 0x0000000710d00000, 0x0000000710e00000|  0%| F|  |TAMS 0x0000000710d00000, 0x0000000710d00000| Untracked 
| 124|0x0000000710e00000, 0x0000000710e00000, 0x0000000710f00000|  0%| F|  |TAMS 0x0000000710e00000, 0x0000000710e00000| Untracked 
| 125|0x0000000710f00000, 0x0000000710f00000, 0x0000000711000000|  0%| F|  |TAMS 0x0000000710f00000, 0x0000000710f00000| Untracked 
| 126|0x0000000711000000, 0x0000000711000000, 0x0000000711100000|  0%| F|  |TAMS 0x0000000711000000, 0x0000000711000000| Untracked 
| 127|0x0000000711100000, 0x0000000711100000, 0x0000000711200000|  0%| F|  |TAMS 0x0000000711100000, 0x0000000711100000| Untracked 
| 128|0x0000000711200000, 0x0000000711200000, 0x0000000711300000|  0%| F|  |TAMS 0x0000000711200000, 0x0000000711200000| Untracked 
| 129|0x0000000711300000, 0x0000000711300000, 0x0000000711400000|  0%| F|  |TAMS 0x0000000711300000, 0x0000000711300000| Untracked 
| 130|0x0000000711400000, 0x0000000711400000, 0x0000000711500000|  0%| F|  |TAMS 0x0000000711400000, 0x0000000711400000| Untracked 
| 131|0x0000000711500000, 0x0000000711500000, 0x0000000711600000|  0%| F|  |TAMS 0x0000000711500000, 0x0000000711500000| Untracked 
| 132|0x0000000711600000, 0x0000000711600000, 0x0000000711700000|  0%| F|  |TAMS 0x0000000711600000, 0x0000000711600000| Untracked 
| 133|0x0000000711700000, 0x0000000711700000, 0x0000000711800000|  0%| F|  |TAMS 0x0000000711700000, 0x0000000711700000| Untracked 
| 134|0x0000000711800000, 0x0000000711800000, 0x0000000711900000|  0%| F|  |TAMS 0x0000000711800000, 0x0000000711800000| Untracked 
| 135|0x0000000711900000, 0x0000000711900000, 0x0000000711a00000|  0%| F|  |TAMS 0x0000000711900000, 0x0000000711900000| Untracked 
| 136|0x0000000711a00000, 0x0000000711a00000, 0x0000000711b00000|  0%| F|  |TAMS 0x0000000711a00000, 0x0000000711a00000| Untracked 
| 137|0x0000000711b00000, 0x0000000711b00000, 0x0000000711c00000|  0%| F|  |TAMS 0x0000000711b00000, 0x0000000711b00000| Untracked 
| 138|0x0000000711c00000, 0x0000000711c00000, 0x0000000711d00000|  0%| F|  |TAMS 0x0000000711c00000, 0x0000000711c00000| Untracked 
| 139|0x0000000711d00000, 0x0000000711d00000, 0x0000000711e00000|  0%| F|  |TAMS 0x0000000711d00000, 0x0000000711d00000| Untracked 
| 140|0x0000000711e00000, 0x0000000711e00000, 0x0000000711f00000|  0%| F|  |TAMS 0x0000000711e00000, 0x0000000711e00000| Untracked 
| 141|0x0000000711f00000, 0x0000000711f00000, 0x0000000712000000|  0%| F|  |TAMS 0x0000000711f00000, 0x0000000711f00000| Untracked 
| 142|0x0000000712000000, 0x0000000712000000, 0x0000000712100000|  0%| F|  |TAMS 0x0000000712000000, 0x0000000712000000| Untracked 
| 143|0x0000000712100000, 0x0000000712100000, 0x0000000712200000|  0%| F|  |TAMS 0x0000000712100000, 0x0000000712100000| Untracked 
| 144|0x0000000712200000, 0x0000000712200000, 0x0000000712300000|  0%| F|  |TAMS 0x0000000712200000, 0x0000000712200000| Untracked 
| 145|0x0000000712300000, 0x0000000712300000, 0x0000000712400000|  0%| F|  |TAMS 0x0000000712300000, 0x0000000712300000| Untracked 
| 146|0x0000000712400000, 0x0000000712400000, 0x0000000712500000|  0%| F|  |TAMS 0x0000000712400000, 0x0000000712400000| Untracked 
| 147|0x0000000712500000, 0x0000000712500000, 0x0000000712600000|  0%| F|  |TAMS 0x0000000712500000, 0x0000000712500000| Untracked 
| 148|0x0000000712600000, 0x0000000712600000, 0x0000000712700000|  0%| F|  |TAMS 0x0000000712600000, 0x0000000712600000| Untracked 
| 149|0x0000000712700000, 0x0000000712700000, 0x0000000712800000|  0%| F|  |TAMS 0x0000000712700000, 0x0000000712700000| Untracked 
| 150|0x0000000712800000, 0x0000000712800000, 0x0000000712900000|  0%| F|  |TAMS 0x0000000712800000, 0x0000000712800000| Untracked 
| 151|0x0000000712900000, 0x0000000712900000, 0x0000000712a00000|  0%| F|  |TAMS 0x0000000712900000, 0x0000000712900000| Untracked 
| 152|0x0000000712a00000, 0x0000000712a00000, 0x0000000712b00000|  0%| F|  |TAMS 0x0000000712a00000, 0x0000000712a00000| Untracked 
| 153|0x0000000712b00000, 0x0000000712b00000, 0x0000000712c00000|  0%| F|  |TAMS 0x0000000712b00000, 0x0000000712b00000| Untracked 
| 154|0x0000000712c00000, 0x0000000712c00000, 0x0000000712d00000|  0%| F|  |TAMS 0x0000000712c00000, 0x0000000712c00000| Untracked 
| 155|0x0000000712d00000, 0x0000000712d00000, 0x0000000712e00000|  0%| F|  |TAMS 0x0000000712d00000, 0x0000000712d00000| Untracked 
| 156|0x0000000712e00000, 0x0000000712e00000, 0x0000000712f00000|  0%| F|  |TAMS 0x0000000712e00000, 0x0000000712e00000| Untracked 
| 157|0x0000000712f00000, 0x0000000712f00000, 0x0000000713000000|  0%| F|  |TAMS 0x0000000712f00000, 0x0000000712f00000| Untracked 
| 158|0x0000000713000000, 0x0000000713000000, 0x0000000713100000|  0%| F|  |TAMS 0x0000000713000000, 0x0000000713000000| Untracked 
| 159|0x0000000713100000, 0x0000000713100000, 0x0000000713200000|  0%| F|  |TAMS 0x0000000713100000, 0x0000000713100000| Untracked 
| 160|0x0000000713200000, 0x0000000713200000, 0x0000000713300000|  0%| F|  |TAMS 0x0000000713200000, 0x0000000713200000| Untracked 
| 161|0x0000000713300000, 0x0000000713300000, 0x0000000713400000|  0%| F|  |TAMS 0x0000000713300000, 0x0000000713300000| Untracked 
| 162|0x0000000713400000, 0x0000000713400000, 0x0000000713500000|  0%| F|  |TAMS 0x0000000713400000, 0x0000000713400000| Untracked 
| 163|0x0000000713500000, 0x0000000713500000, 0x0000000713600000|  0%| F|  |TAMS 0x0000000713500000, 0x0000000713500000| Untracked 
| 164|0x0000000713600000, 0x0000000713600000, 0x0000000713700000|  0%| F|  |TAMS 0x0000000713600000, 0x0000000713600000| Untracked 
| 165|0x0000000713700000, 0x0000000713700000, 0x0000000713800000|  0%| F|  |TAMS 0x0000000713700000, 0x0000000713700000| Untracked 
| 166|0x0000000713800000, 0x0000000713800000, 0x0000000713900000|  0%| F|  |TAMS 0x0000000713800000, 0x0000000713800000| Untracked 
| 167|0x0000000713900000, 0x0000000713900000, 0x0000000713a00000|  0%| F|  |TAMS 0x0000000713900000, 0x0000000713900000| Untracked 
| 168|0x0000000713a00000, 0x0000000713a00000, 0x0000000713b00000|  0%| F|  |TAMS 0x0000000713a00000, 0x0000000713a00000| Untracked 
| 169|0x0000000713b00000, 0x0000000713b00000, 0x0000000713c00000|  0%| F|  |TAMS 0x0000000713b00000, 0x0000000713b00000| Untracked 
| 170|0x0000000713c00000, 0x0000000713c00000, 0x0000000713d00000|  0%| F|  |TAMS 0x0000000713c00000, 0x0000000713c00000| Untracked 
| 171|0x0000000713d00000, 0x0000000713d00000, 0x0000000713e00000|  0%| F|  |TAMS 0x0000000713d00000, 0x0000000713d00000| Untracked 
| 172|0x0000000713e00000, 0x0000000713e00000, 0x0000000713f00000|  0%| F|  |TAMS 0x0000000713e00000, 0x0000000713e00000| Untracked 
| 173|0x0000000713f00000, 0x0000000713f00000, 0x0000000714000000|  0%| F|  |TAMS 0x0000000713f00000, 0x0000000713f00000| Untracked 
| 174|0x0000000714000000, 0x0000000714000000, 0x0000000714100000|  0%| F|  |TAMS 0x0000000714000000, 0x0000000714000000| Untracked 
| 175|0x0000000714100000, 0x0000000714100000, 0x0000000714200000|  0%| F|  |TAMS 0x0000000714100000, 0x0000000714100000| Untracked 
| 176|0x0000000714200000, 0x0000000714200000, 0x0000000714300000|  0%| F|  |TAMS 0x0000000714200000, 0x0000000714200000| Untracked 
| 177|0x0000000714300000, 0x0000000714300000, 0x0000000714400000|  0%| F|  |TAMS 0x0000000714300000, 0x0000000714300000| Untracked 
| 178|0x0000000714400000, 0x0000000714400000, 0x0000000714500000|  0%| F|  |TAMS 0x0000000714400000, 0x0000000714400000| Untracked 
| 179|0x0000000714500000, 0x0000000714500000, 0x0000000714600000|  0%| F|  |TAMS 0x0000000714500000, 0x0000000714500000| Untracked 
| 180|0x0000000714600000, 0x0000000714600000, 0x0000000714700000|  0%| F|  |TAMS 0x0000000714600000, 0x0000000714600000| Untracked 
| 181|0x0000000714700000, 0x0000000714700000, 0x0000000714800000|  0%| F|  |TAMS 0x0000000714700000, 0x0000000714700000| Untracked 
| 182|0x0000000714800000, 0x0000000714800000, 0x0000000714900000|  0%| F|  |TAMS 0x0000000714800000, 0x0000000714800000| Untracked 
| 183|0x0000000714900000, 0x0000000714900000, 0x0000000714a00000|  0%| F|  |TAMS 0x0000000714900000, 0x0000000714900000| Untracked 
| 184|0x0000000714a00000, 0x0000000714a00000, 0x0000000714b00000|  0%| F|  |TAMS 0x0000000714a00000, 0x0000000714a00000| Untracked 
| 185|0x0000000714b00000, 0x0000000714b00000, 0x0000000714c00000|  0%| F|  |TAMS 0x0000000714b00000, 0x0000000714b00000| Untracked 
| 186|0x0000000714c00000, 0x0000000714c00000, 0x0000000714d00000|  0%| F|  |TAMS 0x0000000714c00000, 0x0000000714c00000| Untracked 
| 187|0x0000000714d00000, 0x0000000714d00000, 0x0000000714e00000|  0%| F|  |TAMS 0x0000000714d00000, 0x0000000714d00000| Untracked 
| 188|0x0000000714e00000, 0x0000000714e00000, 0x0000000714f00000|  0%| F|  |TAMS 0x0000000714e00000, 0x0000000714e00000| Untracked 
| 189|0x0000000714f00000, 0x0000000714f00000, 0x0000000715000000|  0%| F|  |TAMS 0x0000000714f00000, 0x0000000714f00000| Untracked 
| 190|0x0000000715000000, 0x0000000715000000, 0x0000000715100000|  0%| F|  |TAMS 0x0000000715000000, 0x0000000715000000| Untracked 
| 191|0x0000000715100000, 0x0000000715100000, 0x0000000715200000|  0%| F|  |TAMS 0x0000000715100000, 0x0000000715100000| Untracked 
| 192|0x0000000715200000, 0x0000000715200000, 0x0000000715300000|  0%| F|  |TAMS 0x0000000715200000, 0x0000000715200000| Untracked 
| 193|0x0000000715300000, 0x0000000715300000, 0x0000000715400000|  0%| F|  |TAMS 0x0000000715300000, 0x0000000715300000| Untracked 
| 194|0x0000000715400000, 0x0000000715400000, 0x0000000715500000|  0%| F|  |TAMS 0x0000000715400000, 0x0000000715400000| Untracked 
| 195|0x0000000715500000, 0x0000000715500000, 0x0000000715600000|  0%| F|  |TAMS 0x0000000715500000, 0x0000000715500000| Untracked 
| 196|0x0000000715600000, 0x0000000715600000, 0x0000000715700000|  0%| F|  |TAMS 0x0000000715600000, 0x0000000715600000| Untracked 
| 197|0x0000000715700000, 0x0000000715700000, 0x0000000715800000|  0%| F|  |TAMS 0x0000000715700000, 0x0000000715700000| Untracked 
| 198|0x0000000715800000, 0x0000000715800000, 0x0000000715900000|  0%| F|  |TAMS 0x0000000715800000, 0x0000000715800000| Untracked 
| 199|0x0000000715900000, 0x0000000715900000, 0x0000000715a00000|  0%| F|  |TAMS 0x0000000715900000, 0x0000000715900000| Untracked 
| 200|0x0000000715a00000, 0x0000000715a00000, 0x0000000715b00000|  0%| F|  |TAMS 0x0000000715a00000, 0x0000000715a00000| Untracked 
| 201|0x0000000715b00000, 0x0000000715b00000, 0x0000000715c00000|  0%| F|  |TAMS 0x0000000715b00000, 0x0000000715b00000| Untracked 
| 202|0x0000000715c00000, 0x0000000715c00000, 0x0000000715d00000|  0%| F|  |TAMS 0x0000000715c00000, 0x0000000715c00000| Untracked 
| 203|0x0000000715d00000, 0x0000000715d00000, 0x0000000715e00000|  0%| F|  |TAMS 0x0000000715d00000, 0x0000000715d00000| Untracked 
| 204|0x0000000715e00000, 0x0000000715e00000, 0x0000000715f00000|  0%| F|  |TAMS 0x0000000715e00000, 0x0000000715e00000| Untracked 
| 205|0x0000000715f00000, 0x0000000715f00000, 0x0000000716000000|  0%| F|  |TAMS 0x0000000715f00000, 0x0000000715f00000| Untracked 
| 206|0x0000000716000000, 0x0000000716000000, 0x0000000716100000|  0%| F|  |TAMS 0x0000000716000000, 0x0000000716000000| Untracked 
| 207|0x0000000716100000, 0x0000000716100000, 0x0000000716200000|  0%| F|  |TAMS 0x0000000716100000, 0x0000000716100000| Untracked 
| 208|0x0000000716200000, 0x0000000716200000, 0x0000000716300000|  0%| F|  |TAMS 0x0000000716200000, 0x0000000716200000| Untracked 
| 209|0x0000000716300000, 0x0000000716300000, 0x0000000716400000|  0%| F|  |TAMS 0x0000000716300000, 0x0000000716300000| Untracked 
| 210|0x0000000716400000, 0x0000000716400000, 0x0000000716500000|  0%| F|  |TAMS 0x0000000716400000, 0x0000000716400000| Untracked 
| 211|0x0000000716500000, 0x0000000716500000, 0x0000000716600000|  0%| F|  |TAMS 0x0000000716500000, 0x0000000716500000| Untracked 
| 212|0x0000000716600000, 0x0000000716600000, 0x0000000716700000|  0%| F|  |TAMS 0x0000000716600000, 0x0000000716600000| Untracked 
| 213|0x0000000716700000, 0x0000000716700000, 0x0000000716800000|  0%| F|  |TAMS 0x0000000716700000, 0x0000000716700000| Untracked 
| 214|0x0000000716800000, 0x0000000716800000, 0x0000000716900000|  0%| F|  |TAMS 0x0000000716800000, 0x0000000716800000| Untracked 
| 215|0x0000000716900000, 0x0000000716900000, 0x0000000716a00000|  0%| F|  |TAMS 0x0000000716900000, 0x0000000716900000| Untracked 
| 216|0x0000000716a00000, 0x0000000716a00000, 0x0000000716b00000|  0%| F|  |TAMS 0x0000000716a00000, 0x0000000716a00000| Untracked 
| 217|0x0000000716b00000, 0x0000000716b00000, 0x0000000716c00000|  0%| F|  |TAMS 0x0000000716b00000, 0x0000000716b00000| Untracked 
| 218|0x0000000716c00000, 0x0000000716c00000, 0x0000000716d00000|  0%| F|  |TAMS 0x0000000716c00000, 0x0000000716c00000| Untracked 
| 219|0x0000000716d00000, 0x0000000716d00000, 0x0000000716e00000|  0%| F|  |TAMS 0x0000000716d00000, 0x0000000716d00000| Untracked 
| 220|0x0000000716e00000, 0x0000000716e00000, 0x0000000716f00000|  0%| F|  |TAMS 0x0000000716e00000, 0x0000000716e00000| Untracked 
| 221|0x0000000716f00000, 0x0000000716f00000, 0x0000000717000000|  0%| F|  |TAMS 0x0000000716f00000, 0x0000000716f00000| Untracked 
| 222|0x0000000717000000, 0x0000000717000000, 0x0000000717100000|  0%| F|  |TAMS 0x0000000717000000, 0x0000000717000000| Untracked 
| 223|0x0000000717100000, 0x0000000717100000, 0x0000000717200000|  0%| F|  |TAMS 0x0000000717100000, 0x0000000717100000| Untracked 
| 224|0x0000000717200000, 0x0000000717200000, 0x0000000717300000|  0%| F|  |TAMS 0x0000000717200000, 0x0000000717200000| Untracked 
| 225|0x0000000717300000, 0x0000000717300000, 0x0000000717400000|  0%| F|  |TAMS 0x0000000717300000, 0x0000000717300000| Untracked 
| 226|0x0000000717400000, 0x0000000717400000, 0x0000000717500000|  0%| F|  |TAMS 0x0000000717400000, 0x0000000717400000| Untracked 
| 227|0x0000000717500000, 0x0000000717500000, 0x0000000717600000|  0%| F|  |TAMS 0x0000000717500000, 0x0000000717500000| Untracked 
| 228|0x0000000717600000, 0x0000000717600000, 0x0000000717700000|  0%| F|  |TAMS 0x0000000717600000, 0x0000000717600000| Untracked 
| 229|0x0000000717700000, 0x0000000717700000, 0x0000000717800000|  0%| F|  |TAMS 0x0000000717700000, 0x0000000717700000| Untracked 
| 230|0x0000000717800000, 0x0000000717800000, 0x0000000717900000|  0%| F|  |TAMS 0x0000000717800000, 0x0000000717800000| Untracked 
| 231|0x0000000717900000, 0x0000000717900000, 0x0000000717a00000|  0%| F|  |TAMS 0x0000000717900000, 0x0000000717900000| Untracked 
| 232|0x0000000717a00000, 0x0000000717a7b630, 0x0000000717b00000| 48%| E|  |TAMS 0x0000000717a00000, 0x0000000717a00000| Complete 
| 233|0x0000000717b00000, 0x0000000717c00000, 0x0000000717c00000|100%| E|CS|TAMS 0x0000000717b00000, 0x0000000717b00000| Complete 
| 234|0x0000000717c00000, 0x0000000717d00000, 0x0000000717d00000|100%| E|CS|TAMS 0x0000000717c00000, 0x0000000717c00000| Complete 
| 235|0x0000000717d00000, 0x0000000717e00000, 0x0000000717e00000|100%| E|CS|TAMS 0x0000000717d00000, 0x0000000717d00000| Complete 
| 236|0x0000000717e00000, 0x0000000717f00000, 0x0000000717f00000|100%| E|CS|TAMS 0x0000000717e00000, 0x0000000717e00000| Complete 
| 237|0x0000000717f00000, 0x0000000718000000, 0x0000000718000000|100%| E|CS|TAMS 0x0000000717f00000, 0x0000000717f00000| Complete 
| 238|0x0000000718000000, 0x0000000718100000, 0x0000000718100000|100%| E|CS|TAMS 0x0000000718000000, 0x0000000718000000| Complete 
| 239|0x0000000718100000, 0x0000000718200000, 0x0000000718200000|100%| E|CS|TAMS 0x0000000718100000, 0x0000000718100000| Complete 
| 240|0x0000000718200000, 0x0000000718300000, 0x0000000718300000|100%| E|CS|TAMS 0x0000000718200000, 0x0000000718200000| Complete 
| 241|0x0000000718300000, 0x0000000718400000, 0x0000000718400000|100%| E|CS|TAMS 0x0000000718300000, 0x0000000718300000| Complete 
| 242|0x0000000718400000, 0x0000000718500000, 0x0000000718500000|100%| E|CS|TAMS 0x0000000718400000, 0x0000000718400000| Complete 
| 243|0x0000000718500000, 0x0000000718600000, 0x0000000718600000|100%| E|CS|TAMS 0x0000000718500000, 0x0000000718500000| Complete 
| 244|0x0000000718600000, 0x0000000718700000, 0x0000000718700000|100%| E|CS|TAMS 0x0000000718600000, 0x0000000718600000| Complete 
| 245|0x0000000718700000, 0x0000000718800000, 0x0000000718800000|100%| E|CS|TAMS 0x0000000718700000, 0x0000000718700000| Complete 
| 246|0x0000000718800000, 0x0000000718900000, 0x0000000718900000|100%| E|CS|TAMS 0x0000000718800000, 0x0000000718800000| Complete 
| 247|0x0000000718900000, 0x0000000718a00000, 0x0000000718a00000|100%| E|CS|TAMS 0x0000000718900000, 0x0000000718900000| Complete 

Card table byte_map: [0x0000021f188f0000,0x0000021f190b0000] _byte_map_base: 0x0000021f150a7000

Marking Bits (Prev, Next): (CMBitMap*) 0x0000021f7a4b93f8, (CMBitMap*) 0x0000021f7a4b9430
 Prev Bits: [0x0000021f19870000, 0x0000021f1d628000)
 Next Bits: [0x0000021f1d630000, 0x0000021f213e8000)

Polling page: 0x0000021f00000000

Metaspace:

Usage:
  Non-class:     17.14 MB capacity,    16.83 MB ( 98%) used,   268.11 KB (  2%) free+waste,    51.13 KB ( <1%) overhead. 
      Class:      2.35 MB capacity,     2.15 MB ( 91%) used,   177.82 KB (  7%) free+waste,    26.88 KB (  1%) overhead. 
       Both:     19.48 MB capacity,    18.97 MB ( 97%) used,   445.93 KB (  2%) free+waste,    78.00 KB ( <1%) overhead. 

Virtual space:
  Non-class space:       18.00 MB reserved,      17.25 MB ( 96%) committed 
      Class space:        1.00 GB reserved,       2.38 MB ( <1%) committed 
             Both:        1.02 GB reserved,      19.63 MB (  2%) committed 

Chunk freelists:
   Non-Class:  51.00 KB
       Class:  0 bytes
        Both:  51.00 KB

MaxMetaspaceSize: 17179869184.00 GB
CompressedClassSpaceSize: 1.00 GB
Initial GC threshold: 20.80 MB
Current GC threshold: 20.80 MB
CDS: off

CodeHeap 'non-profiled nmethods': size=120000Kb used=564Kb max_used=564Kb free=119435Kb
 bounds [0x0000021f10190000, 0x0000021f10400000, 0x0000021f176c0000]
CodeHeap 'profiled nmethods': size=120000Kb used=3206Kb max_used=3206Kb free=116793Kb
 bounds [0x0000021f08c60000, 0x0000021f08f90000, 0x0000021f10190000]
CodeHeap 'non-nmethods': size=5760Kb used=1333Kb max_used=1345Kb free=4426Kb
 bounds [0x0000021f086c0000, 0x0000021f08930000, 0x0000021f08c60000]
 total_blobs=2305 nmethods=1668 adapters=549
 compilation: enabled
              stopped_count=0, restarted_count=0
 full_count=0

Compilation events (20 events):
Event: 2.934 Thread 0x0000021f2486a800 1557       3       javax.swing.plaf.synth.SynthLookAndFeel::getComponentState (23 bytes)
Event: 2.934 Thread 0x0000021f2486a800 nmethod 1557 0x0000021f08f2ea90 code [0x0000021f08f2eca0, 0x0000021f08f2f2c8]
Event: 2.935 Thread 0x0000021f2486a800 1558       1       javax.swing.InputMap::getParent (5 bytes)
Event: 2.935 Thread 0x0000021f2486a800 nmethod 1558 0x0000021f10215790 code [0x0000021f10215940, 0x0000021f102159f8]
Event: 2.937 Thread 0x0000021f2486a800 1559       3       java.util.Properties::getProperty (50 bytes)
Event: 2.938 Thread 0x0000021f2486a800 nmethod 1559 0x0000021f08f2f490 code [0x0000021f08f2f680, 0x0000021f08f2fb18]
Event: 2.938 Thread 0x0000021f2486a800 1560   !   3       java.util.WeakHashMap::expungeStaleEntries (139 bytes)
Event: 2.938 Thread 0x0000021f2486a800 nmethod 1560 0x0000021f08f2fc90 code [0x0000021f08f2fec0, 0x0000021f08f30ac8]
Event: 2.945 Thread 0x0000021f2486a800 1561       3       java.awt.Toolkit::enabledOnToolkit (16 bytes)
Event: 2.945 Thread 0x0000021f2486a800 nmethod 1561 0x0000021f08f30f90 code [0x0000021f08f31140, 0x0000021f08f31298]
Event: 2.945 Thread 0x0000021f2486a800 1562       3       java.awt.Component::getSiblingIndexAbove (33 bytes)
Event: 2.945 Thread 0x0000021f2486a800 nmethod 1562 0x0000021f08f31310 code [0x0000021f08f31520, 0x0000021f08f31a58]
Event: 2.945 Thread 0x0000021f2486a800 1563       3       java.awt.Container::proxyEnableEvents (44 bytes)
Event: 2.946 Thread 0x0000021f2486a800 nmethod 1563 0x0000021f08f31c10 code [0x0000021f08f31de0, 0x0000021f08f32228]
Event: 2.947 Thread 0x0000021f2486a800 1564       3       java.nio.Buffer::clear (20 bytes)
Event: 2.947 Thread 0x0000021f2486a800 nmethod 1564 0x0000021f08f32310 code [0x0000021f08f324c0, 0x0000021f08f325d8]
Event: 2.947 Thread 0x0000021f2486a800 1566   !   3       sun.font.TrueTypeFont::readBlock (380 bytes)
Event: 2.950 Thread 0x0000021f2486a800 nmethod 1566 0x0000021f08f32690 code [0x0000021f08f32b00, 0x0000021f08f35178]
Event: 2.950 Thread 0x0000021f2486a800 1565       3       java.nio.ByteBuffer::clear (7 bytes)
Event: 2.950 Thread 0x0000021f2486a800 nmethod 1565 0x0000021f08f36290 code [0x0000021f08f36440, 0x0000021f08f365b8]

GC Heap History (0 events):
No events

Deoptimization events (20 events):
Event: 2.822 Thread 0x0000021f26217800 Uncommon trap: trap_request=0xffffffde fr.pc=0x0000021f1019f968 relative=0x00000000000001c8
Event: 2.822 Thread 0x0000021f26217800 Uncommon trap: reason=class_check action=maybe_recompile pc=0x0000021f1019f968 method=java.lang.String.equals(Ljava/lang/Object;)Z @ 8 c2
Event: 2.822 Thread 0x0000021f26217800 DEOPT PACKING pc=0x0000021f1019f968 sp=0x000000c986ef9620
Event: 2.822 Thread 0x0000021f26217800 DEOPT UNPACKING pc=0x0000021f0870a1af sp=0x000000c986ef95b8 mode 2
Event: 2.824 Thread 0x0000021f26217800 Uncommon trap: trap_request=0xffffffde fr.pc=0x0000021f1019f968 relative=0x00000000000001c8
Event: 2.824 Thread 0x0000021f26217800 Uncommon trap: reason=class_check action=maybe_recompile pc=0x0000021f1019f968 method=java.lang.String.equals(Ljava/lang/Object;)Z @ 8 c2
Event: 2.824 Thread 0x0000021f26217800 DEOPT PACKING pc=0x0000021f1019f968 sp=0x000000c986ef9d90
Event: 2.824 Thread 0x0000021f26217800 DEOPT UNPACKING pc=0x0000021f0870a1af sp=0x000000c986ef9d28 mode 2
Event: 2.825 Thread 0x0000021f26217800 Uncommon trap: trap_request=0xffffffde fr.pc=0x0000021f1019f968 relative=0x00000000000001c8
Event: 2.826 Thread 0x0000021f26217800 Uncommon trap: reason=class_check action=maybe_recompile pc=0x0000021f1019f968 method=java.lang.String.equals(Ljava/lang/Object;)Z @ 8 c2
Event: 2.826 Thread 0x0000021f26217800 DEOPT PACKING pc=0x0000021f1019f968 sp=0x000000c986ef9f60
Event: 2.826 Thread 0x0000021f26217800 DEOPT UNPACKING pc=0x0000021f0870a1af sp=0x000000c986ef9ef8 mode 2
Event: 2.858 Thread 0x0000021f26217800 DEOPT PACKING pc=0x0000021f08e48d53 sp=0x000000c986ef97f0
Event: 2.859 Thread 0x0000021f26217800 DEOPT UNPACKING pc=0x0000021f0870a95e sp=0x000000c986ef8ba0 mode 0
Event: 2.865 Thread 0x0000021f26217800 DEOPT PACKING pc=0x0000021f08e42c63 sp=0x000000c986ef97b0
Event: 2.865 Thread 0x0000021f26217800 DEOPT UNPACKING pc=0x0000021f0870a95e sp=0x000000c986ef8c40 mode 0
Event: 2.935 Thread 0x0000021f26217800 Uncommon trap: trap_request=0xffffffcc fr.pc=0x0000021f10214e80 relative=0x00000000000002c0
Event: 2.935 Thread 0x0000021f26217800 Uncommon trap: reason=intrinsic_or_type_checked_inlining action=make_not_entrant pc=0x0000021f10214e80 method=java.util.Arrays.copyOf([Ljava/lang/Object;ILjava/lang/Class;)[Ljava/lang/Object; @ 35 c2
Event: 2.935 Thread 0x0000021f26217800 DEOPT PACKING pc=0x0000021f10214e80 sp=0x000000c986efa920
Event: 2.935 Thread 0x0000021f26217800 DEOPT UNPACKING pc=0x0000021f0870a1af sp=0x000000c986efa8c8 mode 2

Classes redefined (0 events):
No events

Internal exceptions (20 events):
Event: 0.463 Thread 0x0000021f7a454000 Exception <a 'java/lang/ClassNotFoundException'{0x00000007182f5bd8}: ToolBar> (0x00000007182f5bd8) thrown at [./src/hotspot/share/classfile/systemDictionary.cpp, line 230]
Event: 0.463 Thread 0x0000021f7a454000 Exception <a 'java/lang/ClassNotFoundException'{0x00000007182f5f48}: ToggleButton> (0x00000007182f5f48) thrown at [./src/hotspot/share/classfile/systemDictionary.cpp, line 230]
Event: 0.463 Thread 0x0000021f7a454000 Exception <a 'java/lang/ClassNotFoundException'{0x00000007182f6388}: javax/swing/JToolBarSeparator> (0x00000007182f6388) thrown at [./src/hotspot/share/classfile/systemDictionary.cpp, line 230]
Event: 0.463 Thread 0x0000021f7a454000 Exception <a 'java/lang/ClassNotFoundException'{0x00000007182f6990}: ToolBarSeparator> (0x00000007182f6990) thrown at [./src/hotspot/share/classfile/systemDictionary.cpp, line 230]
Event: 0.463 Thread 0x0000021f7a454000 Exception <a 'java/lang/ClassNotFoundException'{0x00000007182f6ea8}: ToolTip> (0x00000007182f6ea8) thrown at [./src/hotspot/share/classfile/systemDictionary.cpp, line 230]
Event: 0.465 Thread 0x0000021f7a454000 Exception <a 'java/lang/ClassNotFoundException'{0x00000007182f7800}: Tree> (0x00000007182f7800) thrown at [./src/hotspot/share/classfile/systemDictionary.cpp, line 230]
Event: 0.465 Thread 0x0000021f7a454000 Exception <a 'java/lang/ClassNotFoundException'{0x00000007182f7cf8}: Tree> (0x00000007182f7cf8) thrown at [./src/hotspot/share/classfile/systemDictionary.cpp, line 230]
Event: 0.465 Thread 0x0000021f7a454000 Exception <a 'java/lang/ClassNotFoundException'{0x00000007182f8068}: javax/swing/JTreeCell> (0x00000007182f8068) thrown at [./src/hotspot/share/classfile/systemDictionary.cpp, line 230]
Event: 0.465 Thread 0x0000021f7a454000 Exception <a 'java/lang/ClassNotFoundException'{0x00000007182f8368}: TreeCell> (0x00000007182f8368) thrown at [./src/hotspot/share/classfile/systemDictionary.cpp, line 230]
Event: 0.465 Thread 0x0000021f7a454000 Exception <a 'java/lang/ClassNotFoundException'{0x00000007182f8b38}: RootPane> (0x00000007182f8b38) thrown at [./src/hotspot/share/classfile/systemDictionary.cpp, line 230]
Event: 0.467 Thread 0x0000021f7a454000 Exception <a 'java/lang/ClassNotFoundException'{0x00000007182fb9e8}: com/sun/swing/internal/plaf/metal/resources/spi/metalProvider> (0x00000007182fb9e8) thrown at [./src/hotspot/share/classfile/systemDictionary.cpp, line 230]
Event: 0.468 Thread 0x0000021f7a454000 Exception <a 'java/lang/ClassNotFoundException'{0x0000000718100950}: com/sun/swing/internal/plaf/basic/resources/spi/basicProvider> (0x0000000718100950) thrown at [./src/hotspot/share/classfile/systemDictionary.cpp, line 230]
Event: 0.473 Thread 0x0000021f7a454000 Exception <a 'java/lang/NoSuchMethodError'{0x000000071813f9e8}: 'java.lang.Object java.lang.invoke.DirectMethodHandle$Holder.invokeStatic(java.lang.Object, java.lang.Object, java.lang.Object, java.lang.Object, java.lang.Object, java.lang.Object, java.lang.Object, java.lang.Object, java.lang.Object, java.lang.Object, java.lang.Object, int)'> (0x000000071813f9e8) thrown at [./src/hotspot/share/interpreter/linkResolver.cpp, line 773]
Event: 0.475 Thread 0x0000021f7a454000 Exception <a 'java/lang/NoSuchMethodError'{0x000000071815d8e8}: 'java.lang.Object java.lang.invoke.DirectMethodHandle$Holder.invokeStatic(java.lang.Object, java.lang.Object, java.lang.Object, java.lang.Object, java.lang.Object, java.lang.Object, java.lang.Object, java.lang.Object, java.lang.Object, java.lang.Object, java.lang.Object, int, int)'> (0x000000071815d8e8) thrown at [./src/hotspot/share/interpreter/linkResolver.cpp, line 773]
Event: 0.477 Thread 0x0000021f7a454000 Exception <a 'java/lang/NoSuchMethodError'{0x000000071817d340}: 'java.lang.Object java.lang.invoke.DirectMethodHandle$Holder.invokeStatic(java.lang.Object, java.lang.Object, java.lang.Object, java.lang.Object, java.lang.Object, java.lang.Object, java.lang.Object, java.lang.Object, java.lang.Object, java.lang.Object, java.lang.Object, int, int, java.lang.Object)'> (0x000000071817d340) thrown at [./src/hotspot/share/interpreter/linkResolver.cpp, line 773]
Event: 0.479 Thread 0x0000021f7a454000 Exception <a 'java/lang/NoSuchMethodError'{0x000000071819d758}: 'java.lang.Object java.lang.invoke.DirectMethodHandle$Holder.invokeStatic(java.lang.Object, java.lang.Object, java.lang.Object, java.lang.Object, java.lang.Object, java.lang.Object, java.lang.Object, java.lang.Object, java.lang.Object, java.lang.Object, java.lang.Object, int, int, java.lang.Object, java.lang.Object)'> (0x000000071819d758) thrown at [./src/hotspot/share/interpreter/linkResolver.cpp, line 773]
Event: 0.605 Thread 0x0000021f26217800 Exception <a 'java/lang/ClassNotFoundException'{0x00000007180832e8}: com/sun/swing/internal/plaf/synth/resources/spi/synthProvider> (0x00000007180832e8) thrown at [./src/hotspot/share/classfile/systemDictionary.cpp, line 230]
Event: 0.642 Thread 0x0000021f2507c000 Exception <a 'java/lang/NoSuchMethodError'{0x000000071858d8c8}: 'void java.lang.invoke.DirectMethodHandle$Holder.invokeVirtual(java.lang.Object, java.lang.Object)'> (0x000000071858d8c8) thrown at [./src/hotspot/share/interpreter/linkResolver.cpp, line 773]
Event: 0.655 Thread 0x0000021f26217800 Exception <a 'java/lang/NoSuchMethodError'{0x0000000717f12340}: 'void java.lang.invoke.DirectMethodHandle$Holder.invokeStaticInit(java.lang.Object)'> (0x0000000717f12340) thrown at [./src/hotspot/share/interpreter/linkResolver.cpp, line 773]
Event: 0.662 Thread 0x0000021f26217800 Exception <a 'java/lang/NoSuchMethodError'{0x0000000717f60bc0}: 'java.lang.Object java.lang.invoke.Invokers$Holder.linkToTargetMethod(java.lang.Object, int, java.lang.Object)'> (0x0000000717f60bc0) thrown at [./src/hotspot/share/interpreter/linkResolver.cpp, line 773]

Events (20 events):
Event: 2.934 loading class javax/swing/JDialog
Event: 2.934 loading class javax/swing/JDialog done
Event: 2.935 loading class javax/swing/KeyboardManager$ComponentKeyStrokePair
Event: 2.935 loading class javax/swing/KeyboardManager$ComponentKeyStrokePair done
Event: 2.936 Executing VM operation: RevokeBias
Event: 2.936 Executing VM operation: RevokeBias done
Event: 2.938 loading class javax/swing/SwingHeavyWeight
Event: 2.938 loading class javax/swing/SwingHeavyWeight done
Event: 2.939 loading class sun/awt/windows/WDialogPeer
Event: 2.939 loading class java/awt/peer/DialogPeer
Event: 2.939 loading class java/awt/peer/DialogPeer done
Event: 2.939 loading class sun/awt/windows/WDialogPeer done
Event: 2.941 Executing VM operation: RevokeBias
Event: 2.941 Executing VM operation: RevokeBias done
Event: 2.942 Executing VM operation: RevokeBias
Event: 2.942 Executing VM operation: RevokeBias done
Event: 2.945 loading class javax/swing/plaf/basic/BasicOptionPaneUI$Actions
Event: 2.945 loading class javax/swing/plaf/basic/BasicOptionPaneUI$Actions done
Event: 2.946 loading class javax/swing/SizeRequirements
Event: 2.946 loading class javax/swing/SizeRequirements done


Dynamic libraries:
0x00007ff684c20000 - 0x00007ff684c2d000 	C:\Program Files\Amazon Corretto\jdk11.0.17_8\bin\java.exe
0x00007ffbd0e70000 - 0x00007ffbd1065000 	C:\Windows\SYSTEM32\ntdll.dll
0x00007ffbcefe0000 - 0x00007ffbcf09e000 	C:\Windows\System32\KERNEL32.DLL
0x00007ffbce9c0000 - 0x00007ffbcec89000 	C:\Windows\System32\KERNELBASE.dll
0x0000000071550000 - 0x00000000715ee000 	C:\ProgramData\Symantec\Symantec Endpoint Protection\14.3.9689.7000.105\Data\Sysfer\x64\sysfer.dll
0x00007ffbce590000 - 0x00007ffbce690000 	C:\Windows\System32\ucrtbase.dll
0x00007ffbc6e90000 - 0x00007ffbc6ea9000 	C:\Program Files\Amazon Corretto\jdk11.0.17_8\bin\VCRUNTIME140.dll
0x00007ffbb77c0000 - 0x00007ffbb77d7000 	C:\Program Files\Amazon Corretto\jdk11.0.17_8\bin\jli.dll
0x00007ffbcf290000 - 0x00007ffbcf431000 	C:\Windows\System32\USER32.dll
0x00007ffbced30000 - 0x00007ffbced52000 	C:\Windows\System32\win32u.dll
0x00007ffbcf770000 - 0x00007ffbcf79b000 	C:\Windows\System32\GDI32.dll
0x00007ffbced60000 - 0x00007ffbcee6b000 	C:\Windows\System32\gdi32full.dll
0x00007ffbb7a30000 - 0x00007ffbb7cca000 	C:\Windows\WinSxS\amd64_microsoft.windows.common-controls_6595b64144ccf1df_6.0.19041.1110_none_60b5254171f9507e\COMCTL32.dll
0x00007ffbcec90000 - 0x00007ffbced2d000 	C:\Windows\System32\msvcp_win.dll
0x00007ffbd0650000 - 0x00007ffbd06ee000 	C:\Windows\System32\msvcrt.dll
0x00007ffbcf610000 - 0x00007ffbcf640000 	C:\Windows\System32\IMM32.DLL
0x00007ffb9ed70000 - 0x00007ffb9ee0b000 	C:\Program Files\Amazon Corretto\jdk11.0.17_8\bin\msvcp140.dll
0x00007ffb7b6a0000 - 0x00007ffb7c225000 	C:\Program Files\Amazon Corretto\jdk11.0.17_8\bin\server\jvm.dll
0x00007ffbcf6b0000 - 0x00007ffbcf75c000 	C:\Windows\System32\ADVAPI32.dll
0x00007ffbcf570000 - 0x00007ffbcf60b000 	C:\Windows\System32\sechost.dll
0x00007ffbd0500000 - 0x00007ffbd062a000 	C:\Windows\System32\RPCRT4.dll
0x00007ffbcef20000 - 0x00007ffbcef28000 	C:\Windows\System32\PSAPI.DLL
0x00007ffbb6520000 - 0x00007ffbb6529000 	C:\Windows\SYSTEM32\WSOCK32.dll
0x00007ffbcf640000 - 0x00007ffbcf6ab000 	C:\Windows\System32\WS2_32.dll
0x00007ffbbe1a0000 - 0x00007ffbbe1c7000 	C:\Windows\SYSTEM32\WINMM.dll
0x00007ffbc8170000 - 0x00007ffbc817a000 	C:\Windows\SYSTEM32\VERSION.dll
0x00007ffbcc3a0000 - 0x00007ffbcc3b2000 	C:\Windows\SYSTEM32\kernel.appcore.dll
0x00007ffbcb9e0000 - 0x00007ffbcb9f0000 	C:\Program Files\Amazon Corretto\jdk11.0.17_8\bin\verify.dll
0x00007ffbb9dd0000 - 0x00007ffbb9fb4000 	C:\Windows\SYSTEM32\DBGHELP.DLL
0x00007ffbb9ab0000 - 0x00007ffbb9adc000 	C:\Windows\SYSTEM32\dbgcore.DLL
0x00007ffbce690000 - 0x00007ffbce713000 	C:\Windows\System32\bcryptPrimitives.dll
0x00007ffbbb5a0000 - 0x00007ffbbb5c8000 	C:\Program Files\Amazon Corretto\jdk11.0.17_8\bin\java.dll
0x00007ffbbd320000 - 0x00007ffbbd32a000 	C:\Program Files\Amazon Corretto\jdk11.0.17_8\bin\jimage.dll
0x00007ffbba2e0000 - 0x00007ffbba2f8000 	C:\Program Files\Amazon Corretto\jdk11.0.17_8\bin\zip.dll
0x00007ffbd06f0000 - 0x00007ffbd0e2f000 	C:\Windows\System32\SHELL32.dll
0x00007ffbcc5a0000 - 0x00007ffbccd30000 	C:\Windows\SYSTEM32\windows.storage.dll
0x00007ffbd01a0000 - 0x00007ffbd04f5000 	C:\Windows\System32\combase.dll
0x00007ffbcdf70000 - 0x00007ffbcdf9c000 	C:\Windows\SYSTEM32\Wldp.dll
0x00007ffbcff80000 - 0x00007ffbd002d000 	C:\Windows\System32\SHCORE.dll
0x00007ffbcf7a0000 - 0x00007ffbcf7f5000 	C:\Windows\System32\shlwapi.dll
0x00007ffbce4d0000 - 0x00007ffbce4ef000 	C:\Windows\SYSTEM32\profapi.dll
0x00007ffbb9350000 - 0x00007ffbb9369000 	C:\Program Files\Amazon Corretto\jdk11.0.17_8\bin\net.dll
0x00007ffbcd570000 - 0x00007ffbcd678000 	C:\Windows\SYSTEM32\WINHTTP.dll
0x00007ffbcdc70000 - 0x00007ffbcdcda000 	C:\Windows\system32\mswsock.dll
0x00007ffbb8f90000 - 0x00007ffbb8fa3000 	C:\Program Files\Amazon Corretto\jdk11.0.17_8\bin\nio.dll
0x00007ffb9dcf0000 - 0x00007ffb9de8a000 	C:\Program Files\Amazon Corretto\jdk11.0.17_8\bin\awt.dll
0x00007ffbcf1c0000 - 0x00007ffbcf28d000 	C:\Windows\System32\OLEAUT32.dll
0x00007ffbcbac0000 - 0x00007ffbcbb50000 	C:\Windows\SYSTEM32\apphelp.dll
0x00007ffbcbec0000 - 0x00007ffbcbf5e000 	C:\Windows\system32\uxtheme.dll
0x00007ffbcf0a0000 - 0x00007ffbcf1b5000 	C:\Windows\System32\MSCTF.dll
0x00007ffbcf440000 - 0x00007ffbcf56a000 	C:\Windows\System32\ole32.dll
0x00007ffbcc0b0000 - 0x00007ffbcc0df000 	C:\Windows\system32\DWMAPI.DLL
0x00007ffba02e0000 - 0x00007ffba0363000 	C:\Program Files\Amazon Corretto\jdk11.0.17_8\bin\freetype.dll
0x00007ffb9fca0000 - 0x00007ffb9fd62000 	C:\Program Files\Amazon Corretto\jdk11.0.17_8\bin\fontmanager.dll
0x00007ffb9df50000 - 0x00007ffb9e075000 	C:\Windows\system32\opengl32.dll
0x00007ffbb5800000 - 0x00007ffbb582c000 	C:\Windows\SYSTEM32\GLU32.dll
0x00007ffb7cc80000 - 0x00007ffb7ce4e000 	C:\Windows\system32\d3d9.dll
0x00007ffbc39a0000 - 0x00007ffbc3aa6000 	C:\Windows\System32\DriverStore\FileRepository\nv_dispi.inf_amd64_4a64fe9554d8b327\nvldumdx.dll
0x00007ffbce170000 - 0x00007ffbce182000 	C:\Windows\SYSTEM32\msasn1.dll
0x00007ffbc6b90000 - 0x00007ffbc6bc1000 	C:\Windows\SYSTEM32\cryptnet.dll
0x00007ffbce860000 - 0x00007ffbce9b6000 	C:\Windows\System32\CRYPT32.dll
0x00007ffbc64a0000 - 0x00007ffbc65ea000 	C:\Windows\SYSTEM32\drvstore.dll
0x00007ffbce330000 - 0x00007ffbce364000 	C:\Windows\SYSTEM32\devobj.dll
0x00007ffbcee70000 - 0x00007ffbceebe000 	C:\Windows\System32\cfgmgr32.dll
0x00007ffbcde80000 - 0x00007ffbcde8c000 	C:\Windows\SYSTEM32\cryptbase.dll
0x00007ffbce750000 - 0x00007ffbce7b0000 	C:\Windows\System32\WINTRUST.DLL
0x00007ffbd0630000 - 0x00007ffbd064d000 	C:\Windows\System32\imagehlp.dll
0x00007ffbcde60000 - 0x00007ffbcde78000 	C:\Windows\SYSTEM32\CRYPTSP.dll
0x00007ffbcd4e0000 - 0x00007ffbcd514000 	C:\Windows\system32\rsaenh.dll
0x00007ffbce720000 - 0x00007ffbce747000 	C:\Windows\System32\bcrypt.dll
0x00007ffb75ca0000 - 0x00007ffb77550000 	C:\Windows\System32\DriverStore\FileRepository\nv_dispi.inf_amd64_4a64fe9554d8b327\nvd3dumx.dll
0x00007ffbc88d0000 - 0x00007ffbc890b000 	C:\Windows\SYSTEM32\dxcore.dll
0x00007ffbbaad0000 - 0x00007ffbbabc9000 	C:\Windows\SYSTEM32\textinputframework.dll
0x00007ffbcaf40000 - 0x00007ffbcb29e000 	C:\Windows\System32\CoreUIComponents.dll
0x00007ffbcb4c0000 - 0x00007ffbcb5b2000 	C:\Windows\System32\CoreMessaging.dll
0x00007ffbcd0d0000 - 0x00007ffbcd103000 	C:\Windows\SYSTEM32\ntmarta.dll
0x00007ffbca640000 - 0x00007ffbca794000 	C:\Windows\SYSTEM32\wintypes.dll
0x00007ffbcef30000 - 0x00007ffbcefd9000 	C:\Windows\System32\clbcatq.dll
0x00007ffbc5da0000 - 0x00007ffbc5f54000 	C:\Windows\SYSTEM32\WindowsCodecs.dll
0x00007ffbbd360000 - 0x00007ffbbd39e000 	C:\Windows\system32\dataexchange.dll
0x00007ffbc9f70000 - 0x00007ffbca1d4000 	C:\Windows\system32\d3d11.dll
0x00007ffbca7a0000 - 0x00007ffbca985000 	C:\Windows\system32\dcomp.dll
0x00007ffbccda0000 - 0x00007ffbcce94000 	C:\Windows\system32\dxgi.dll
0x00007ffbc67d0000 - 0x00007ffbc69d1000 	C:\Windows\system32\twinapi.appcore.dll

dbghelp: loaded successfully - version: 4.0.5 - missing functions: none
symbol engine: initialized successfully - sym options: 0x614 - pdb path: .;C:\Program Files\Amazon Corretto\jdk11.0.17_8\bin;C:\Windows\SYSTEM32;C:\ProgramData\Symantec\Symantec Endpoint Protection\14.3.9689.7000.105\Data\Sysfer\x64;C:\Windows\WinSxS\amd64_microsoft.windows.common-controls_6595b64144ccf1df_6.0.19041.1110_none_60b5254171f9507e;C:\Program Files\Amazon Corretto\jdk11.0.17_8\bin\server;C:\Windows\System32\DriverStore\FileRepository\nv_dispi.inf_amd64_4a64fe9554d8b327

VM Arguments:
jvm_args: -Dfile.encoding=UTF-8 --module-path=C:\Users\matheus.cspinto2\Documents\Projeto-de-PI-main (1)\Projeto-de-PI-main\ProjetoPI\build\classes 
java_command: View.FormMenu
java_class_path (initial): C:\Users\matheus.cspinto2\Documents\mysql-connector-j-8.1.0;C:\Users\matheus.cspinto2\Documents\Projeto-de-PI-main (1)\Projeto-de-PI-main\ProjetoPI\build\classes
Launcher Type: SUN_STANDARD

[Global flags]
     intx CICompilerCount                          = 4                                         {product} {ergonomic}
     uint ConcGCThreads                            = 2                                         {product} {ergonomic}
     uint G1ConcRefinementThreads                  = 8                                         {product} {ergonomic}
   size_t G1HeapRegionSize                         = 1048576                                   {product} {ergonomic}
    uintx GCDrainStackTargetSize                   = 64                                        {product} {ergonomic}
   size_t InitialHeapSize                          = 260046848                                 {product} {ergonomic}
   size_t MarkStackSize                            = 4194304                                   {product} {ergonomic}
   size_t MaxHeapSize                              = 4141875200                                {product} {ergonomic}
   size_t MaxNewSize                               = 2485125120                                {product} {ergonomic}
   size_t MinHeapDeltaBytes                        = 1048576                                   {product} {ergonomic}
    uintx NonNMethodCodeHeapSize                   = 5836300                                {pd product} {ergonomic}
    uintx NonProfiledCodeHeapSize                  = 122910970                              {pd product} {ergonomic}
    uintx ProfiledCodeHeapSize                     = 122910970                              {pd product} {ergonomic}
    uintx ReservedCodeCacheSize                    = 251658240                              {pd product} {ergonomic}
     bool SegmentedCodeCache                       = true                                      {product} {ergonomic}
     bool UseCompressedClassPointers               = true                                 {lp64_product} {ergonomic}
     bool UseCompressedOops                        = true                                 {lp64_product} {ergonomic}
     bool UseG1GC                                  = true                                      {product} {ergonomic}
     bool UseLargePagesIndividualAllocation        = false                                  {pd product} {ergonomic}

Logging:
Log output configuration:
 #0: stdout all=warning uptime,level,tags
 #1: stderr all=off uptime,level,tags

Environment Variables:
JAVA_HOME=C:\Program Files\Amazon Corretto\jdk11.0.17_8
PATH=C:\Program Files\Eclipse Adoptium\jdk-11.0.17.8-hotspot\bin;C:\Program Files\Eclipse Adoptium\jdk-17.0.5.8-hotspot\bin;C:\Program Files\Amazon Corretto\jdk11.0.17_8\bin;C:\Program Files\Amazon Corretto\jdk17.0.5_8\bin;C:\Program Files\Amazon Corretto\jdk1.8.0_352\bin;C:\Program Files (x86)\Amazon Corretto\jdk1.8.0_352\bin;C:\Program Files (x86)\Eclipse Adoptium\jdk-8.0.352.8-hotspot\bin;C:\Program Files\Eclipse Adoptium\jdk-8.0.352.8-hotspot\bin;C:\Program Files\Eclipse Adoptium\jre-8.0.352.8-hotspot\bin;C:\Program Files\Eclipse Adoptium\jre-17.0.5.8-hotspot\bin;C:\Program Files\Eclipse Adoptium\jre-11.0.17.8-hotspot\bin;C:\Program Files (x86)\Eclipse Adoptium\jre-8.0.352.8-hotspot\bin;C:\Windows\system32;C:\Windows;C:\Windows\System32\Wbem;C:\Windows\System32\WindowsPowerShell\v1.0\;C:\Windows\System32\OpenSSH\;C:\Program Files\Microsoft VS Code\bin;C:\Program Files (x86)\dotnet\;C:\Program Files\dotnet\;C:\Program Files (x86)\Windows Kits\10\Windows Performance Toolkit\;C:\Users\matheus.cspinto2\AppData\Local\Microsoft\WindowsApps;
USERNAME=matheus.cspinto2
OS=Windows_NT
PROCESSOR_IDENTIFIER=Intel64 Family 6 Model 60 Stepping 3, GenuineIntel
TMP=C:\Users\MATHEU~1.CSP\AppData\Local\Temp
TEMP=C:\Users\MATHEU~1.CSP\AppData\Local\Temp



---------------  S Y S T E M  ---------------

OS: Windows 10 , 64 bit Build 19041 (10.0.19041.1202)
OS uptime: 0 days 1:50 hours

CPU:total 8 (initial active 8) (4 cores per cpu, 2 threads per core) family 6 model 60 stepping 3 microcode 0x27, cmov, cx8, fxsr, mmx, sse, sse2, sse3, ssse3, sse4.1, sse4.2, popcnt, avx, avx2, aes, clmul, erms, lzcnt, ht, tsc, tscinvbit, bmi1, bmi2, fma

Memory: 4k page, system-wide physical 15793M (2794M free)
TotalPageFile size 15793M (AvailPageFile size 5M)
current process WorkingSet (physical memory assigned to process): 117M, peak: 117M
current process commit charge ("private bytes"): 396M, peak: 396M

vm_info: OpenJDK 64-Bit Server VM (11.0.17+8-LTS) for windows-amd64 JRE (11.0.17+8-LTS), built on Oct 14 2022 18:02:01 by "Administrator" with MS VC++ 15.9 (VS2017)

END.
